<?xml version="1.0" encoding="UTF-8"?>
<!-- Generated by org.testng.reporters.JUnitReportReporter -->
<testsuite hostname="LAPTOP-SE3QGFMU" failures="0" tests="14" name="org.test.SampleTest" time="0.036" errors="0" timestamp="2022-03-05T12:10:26 IST" skipped="1">
  <testcase classname="org.test.SampleTest" name="tco" time="0.012"/>
  <system-out/>
  <testcase classname="org.test.SampleTest" name="tco1" time="0.002"/>
  <system-out/>
  <testcase classname="org.test.SampleTest" name="tco4" time="0.003"/>
  <system-out/>
  <testcase classname="org.test.SampleTest" name="tco4" time="0.001"/>
  <system-out/>
  <testcase classname="org.test.SampleTest" name="tco4" time="0.003"/>
  <system-out/>
  <testcase classname="org.test.SampleTest" name="tco4" time="0.002"/>
  <system-out/>
  <testcase classname="org.test.SampleTest" name="tco4" time="0.001"/>
  <system-out/>
  <testcase classname="org.test.SampleTest" name="tco4" time="0.001"/>
  <system-out/>
  <testcase classname="org.test.SampleTest" name="tco4" time="0.002"/>
  <system-out/>
  <testcase classname="org.test.SampleTest" name="tco4" time="0.004"/>
  <system-out/>
  <testcase classname="org.test.SampleTest" name="tco4" time="0.003"/>
  <system-out/>
  <testcase classname="org.test.SampleTest" name="tco4" time="0.001"/>
  <system-out/>
  <testcase classname="org.test.SampleTest" name="tco2" time="0.001"/>
  <system-out/>
  <testcase classname="org.test.SampleTest" name="tco3">
    <skipped/>
  </testcase> <!-- tco3 -->
  <system-out/>
</testsuite> <!-- org.test.SampleTest -->
